<?xml version="1.0" encoding="UTF-8"?>
<!-- Generated by org.testng.reporters.JUnitReportReporter -->
<testsuite hostname="DESKTOP-Q97HS14" failures="0" tests="2" name="com.guthub.api.test.GitHubAPICallForRepositories" time="3.018" errors="0" timestamp="2021-12-05T01:32:52 IST" skipped="0">
  <testcase classname="com.guthub.api.test.GitHubAPICallForRepositories" name="CreateAndDeleteRepo" time="1.735"/>
  <system-out/>
  <testcase classname="com.guthub.api.test.GitHubAPICallForRepositories" name="CreateRepo" time="1.283"/>
  <system-out/>
</testsuite> <!-- com.guthub.api.test.GitHubAPICallForRepositories -->
