<?xml version="1.0" encoding="UTF-8"?>
<!-- Generated by org.testng.reporters.JUnitReportReporter -->
<testsuite hostname="DESKTOP-Q97HS14" failures="0" tests="4" name="com.guthub.api.test.GitHubAPICallForCreateIssue" time="7.821" errors="0" timestamp="2021-12-05T01:32:52 IST" skipped="0">
  <testcase classname="com.guthub.api.test.GitHubAPICallForCreateIssue" name="testGitHubPATCHIssue" time="5.397"/>
  <system-out/>
  <testcase classname="com.guthub.api.test.GitHubAPICallForCreateIssue" name="testGitHubPUTIssueWithHardCodedNumber" time="0.620"/>
  <system-out/>
  <testcase classname="com.guthub.api.test.GitHubAPICallForCreateIssue" name="testGitHubPOSTIssue" time="1.155"/>
  <system-out/>
  <testcase classname="com.guthub.api.test.GitHubAPICallForCreateIssue" name="testGitHubPATCHIssueWithHardCodedNumber" time="0.649"/>
  <system-out/>
</testsuite> <!-- com.guthub.api.test.GitHubAPICallForCreateIssue -->
