<?xml version="1.0" encoding="UTF-8"?>
<!-- Generated by org.testng.reporters.JUnitReportReporter -->
<testsuite hostname="DESKTOP-Q97HS14" failures="0" tests="1" name="com.guthub.api.test.GithubAPICallForUserDetailsTest" time="0.547" errors="0" timestamp="2021-12-05T01:32:52 IST" skipped="0">
  <testcase classname="com.guthub.api.test.GithubAPICallForUserDetailsTest" name="testGitHubrDetails" time="0.547"/>
  <system-out/>
</testsuite> <!-- com.guthub.api.test.GithubAPICallForUserDetailsTest -->
